<?xml version="1.0" encoding="UTF-8"?>
<testsuite xmlns:xsi="http://www.w3.org/2001/XMLSchema-instance" xsi:noNamespaceSchemaLocation="https://maven.apache.org/surefire/maven-surefire-plugin/xsd/surefire-test-report-3.0.xsd" version="3.0" name="org.runner.TestRunner" time="198.163" tests="4" errors="1" skipped="0" failures="0">
  <properties>
[...]
</properties>
  <testcase name="EMPTY_NAME" classname="Validate the login page" time="9.865"/>
  <testcase name="EMPTY_NAME" classname="Validate the login page" time="32.383"/>
  <testcase name="EMPTY_NAME" classname="Validate the login page" time="141.004">
    <error message="cannot forward the request unexpected end of stream on Connection{172.17.0.6:40030, proxy=DIRECT hostAddress=/172.17.0.6:40030 cipherSuite=none protocol=http/1.1}&#10;Build info: version: &apos;3.141.59&apos;, revision: &apos;e82be7d358&apos;, time: &apos;2018-11-14T08:17:03&apos;&#10;System info: host: &apos;W2012R2-BENCH06&apos;, ip: &apos;192.168.25.73&apos;, os.name: &apos;Windows Server 2012 R2&apos;, os.arch: &apos;amd64&apos;, os.version: &apos;6.3&apos;, java.version: &apos;1.8.0_162&apos;&#10;Driver info: org.openqa.selenium.remote.RemoteWebDriver&#10;Capabilities {acceptInsecureCerts: false, browserName: chrome, browserVersion: 77.0.3865.90, chrome: {chromedriverVersion: 77.0.3865.40 (f484704e052e0..., userDataDir: /tmp/.com.google.Chrome.Ea1wxK}, goog:chromeOptions: {debuggerAddress: localhost:32915}, javascriptEnabled: true, networkConnectionEnabled: false, pageLoadStrategy: normal, platform: LINUX, platformName: LINUX, proxy: Proxy(), setWindowRect: true, strictFileInteractability: false, timeouts: {implicit: 0, pageLoad: 300000, script: 30000}, unhandledPromptBehavior: dismiss and notify, webdriver.remote.sessionid: b23d02f2ac1330163b46f42ee85...}&#10;Session ID: b23d02f2ac1330163b46f42ee85d1bb5" type="org.openqa.selenium.WebDriverException">org.openqa.selenium.WebDriverException: 
cannot forward the request unexpected end of stream on Connection{172.17.0.6:40030, proxy=DIRECT hostAddress=/172.17.0.6:40030 cipherSuite=none protocol=http/1.1}
Build info: version: '3.141.59', revision: 'e82be7d358', time: '2018-11-14T08:17:03'
System info: host: 'W2012R2-BENCH06', ip: '192.168.25.73', os.name: 'Windows Server 2012 R2', os.arch: 'amd64', os.version: '6.3', java.version: '1.8.0_162'
Driver info: org.openqa.selenium.remote.RemoteWebDriver
Capabilities {acceptInsecureCerts: false, browserName: chrome, browserVersion: 77.0.3865.90, chrome: {chromedriverVersion: 77.0.3865.40 (f484704e052e0..., userDataDir: /tmp/.com.google.Chrome.Ea1wxK}, goog:chromeOptions: {debuggerAddress: localhost:32915}, javascriptEnabled: true, networkConnectionEnabled: false, pageLoadStrategy: normal, platform: LINUX, platformName: LINUX, proxy: Proxy(), setWindowRect: true, strictFileInteractability: false, timeouts: {implicit: 0, pageLoad: 300000, script: 30000}, unhandledPromptBehavior: dismiss and notify, webdriver.remote.sessionid: b23d02f2ac1330163b46f42ee85...}
Session ID: b23d02f2ac1330163b46f42ee85d1bb5
</error>
    <system-out><![CDATA[F---]]></system-out>
    <system-err><![CDATA[Nov 15, 2019 7:08:48 PM org.openqa.selenium.remote.DesiredCapabilities chrome
INFO: Using `new ChromeOptions()` is preferred to `DesiredCapabilities.chrome()`
Nov 15, 2019 7:09:27 PM org.openqa.selenium.remote.ProtocolHandshake createSession
INFO: Detected dialect: W3C
]]></system-err>
  </testcase>
  <testcase name="EMPTY_NAME" classname="Validate the login page" time="13.847"/>
</testsuite>